c:\users\jinyeob\source\repos\hjmbhb\hjmbhb\debug\vc142.pdb
c:\users\jinyeob\source\repos\hjmbhb\hjmbhb\debug\vc142.idb
c:\users\jinyeob\source\repos\hjmbhb\hjmbhb\debug\pcap.obj
c:\users\jinyeob\source\repos\hjmbhb\debug\hjmbhb.pdb
c:\users\jinyeob\source\repos\hjmbhb\hjmbhb\debug\hjmbhb.tlog\cl.command.1.tlog
c:\users\jinyeob\source\repos\hjmbhb\hjmbhb\debug\hjmbhb.tlog\cl.read.1.tlog
c:\users\jinyeob\source\repos\hjmbhb\hjmbhb\debug\hjmbhb.tlog\cl.write.1.tlog
c:\users\jinyeob\source\repos\hjmbhb\hjmbhb\debug\hjmbhb.tlog\link-cvtres.read.1.tlog
c:\users\jinyeob\source\repos\hjmbhb\hjmbhb\debug\hjmbhb.tlog\link-cvtres.write.1.tlog
c:\users\jinyeob\source\repos\hjmbhb\hjmbhb\debug\hjmbhb.tlog\link-rc.read.1.tlog
c:\users\jinyeob\source\repos\hjmbhb\hjmbhb\debug\hjmbhb.tlog\link-rc.write.1.tlog
c:\users\jinyeob\source\repos\hjmbhb\hjmbhb\debug\hjmbhb.tlog\link.3848-cvtres.read.1.tlog
c:\users\jinyeob\source\repos\hjmbhb\hjmbhb\debug\hjmbhb.tlog\link.3848-cvtres.write.1.tlog
c:\users\jinyeob\source\repos\hjmbhb\hjmbhb\debug\hjmbhb.tlog\link.3848-rc.read.1.tlog
c:\users\jinyeob\source\repos\hjmbhb\hjmbhb\debug\hjmbhb.tlog\link.3848-rc.write.1.tlog
c:\users\jinyeob\source\repos\hjmbhb\hjmbhb\debug\hjmbhb.tlog\link.3848.read.1.tlog
c:\users\jinyeob\source\repos\hjmbhb\hjmbhb\debug\hjmbhb.tlog\link.3848.write.1.tlog
c:\users\jinyeob\source\repos\hjmbhb\hjmbhb\debug\hjmbhb.tlog\link.command.1.tlog
c:\users\jinyeob\source\repos\hjmbhb\hjmbhb\debug\hjmbhb.tlog\link.read.1.tlog
c:\users\jinyeob\source\repos\hjmbhb\hjmbhb\debug\hjmbhb.tlog\link.write.1.tlog
